#
# A fatal error has been detected by the Java Runtime Environment:
#
#  Internal Error (./open/src/hotspot/share/runtime/vmThread.cpp:680), pid=35492, tid=25624
#  fatal error: Nested VM operation CollectForMetadataAllocation requested by operation ChangeBreakpoints
#
# JRE version: Java(TM) SE Runtime Environment 18.9 (11.0.11+9) (build 11.0.11+9-LTS-194)
# Java VM: Java HotSpot(TM) 64-Bit Server VM 18.9 (11.0.11+9-LTS-194, mixed mode, tiered, compressed oops, g1 gc, windows-amd64)
# No core dump will be written. Minidumps are not enabled by default on client versions of Windows
#
# If you would like to submit a bug report, please visit:
#   https://bugreport.java.com/bugreport/crash.jsp
#

---------------  S U M M A R Y ------------

Command Line: -agentlib:jdwp=transport=dt_socket,address=127.0.0.1:53897,suspend=y,server=n -javaagent:C:\Users\Siddharth\AppData\Local\JetBrains\IdeaIC2022.2\captureAgent\debugger-agent.jar -Dfile.encoding=UTF-8 com.adobe.core.raven.Application

Host: Intel(R) Core(TM) i7-10610U CPU @ 1.80GHz, 8 cores, 15G,  Windows 10 , 64 bit Build 19041 (10.0.19041.3570)
Time: Wed Nov  8 17:53:38 2023 India Standard Time elapsed time: 7.848965 seconds (0d 0h 0m 7s)

---------------  T H R E A D  ---------------

Current thread (0x0000027d3ec6a000):  VMThread "VM Thread" [stack: 0x0000008f7b200000,0x0000008f7b300000] [id=25624]

Stack: [0x0000008f7b200000,0x0000008f7b300000]
[error occurred during error reporting (printing stack bounds), id 0xc0000005, EXCEPTION_ACCESS_VIOLATION (0xc0000005) at pc=0x0000027d23840f2d]

Native frames: (J=compiled Java code, j=interpreted, Vv=VM code, C=native code)
V  [jvm.dll+0x616f2a]
V  [jvm.dll+0x74de7f]
V  [jvm.dll+0x74f505]
V  [jvm.dll+0x74fae5]
V  [jvm.dll+0x74fa9b]
V  [jvm.dll+0x616763]
V  [jvm.dll+0x616b28]
C  [ntdll.dll+0xa23af]
C  [ntdll.dll+0x514b4]
C  [ntdll.dll+0xa0ebe]
C  0x0000027d23840f2d

VM_Operation (0x0000008f7bbff680): ChangeBreakpoints, mode: safepoint, requested by thread 0x0000027d3f84e800


---------------  P R O C E S S  ---------------

Threads class SMR info:
_java_thread_list=0x0000027d42404410, length=27, elements={
0x0000027d12fe0800, 0x0000027d3ec6d000, 0x0000027d3ec76800, 0x0000027d3f570800,
0x0000027d3f571800, 0x0000027d3f575800, 0x0000027d3f57f800, 0x0000027d3f583800,
0x0000027d3ec25000, 0x0000027d3f84e800, 0x0000027d3f849000, 0x0000027d3f83d800,
0x0000027d3fa9a800, 0x0000027d4000d800, 0x0000027d410bb000, 0x0000027d41961000,
0x0000027d41961800, 0x0000027d418c7000, 0x0000027d418ca800, 0x0000027d43f8f800,
0x0000027d44683000, 0x0000027d42204000, 0x0000027d4b7bb000, 0x0000027d441c7800,
0x0000027d459a0800, 0x0000027d459a1800, 0x0000027d459a2000
}

Java Threads: ( => current thread )
  0x0000027d12fe0800 JavaThread "main" [_thread_blocked, id=20372, stack(0x0000008f7ac00000,0x0000008f7ad00000)]
  0x0000027d3ec6d000 JavaThread "Reference Handler" daemon [_thread_blocked, id=7284, stack(0x0000008f7b300000,0x0000008f7b400000)]
  0x0000027d3ec76800 JavaThread "Finalizer" daemon [_thread_blocked, id=7800, stack(0x0000008f7b400000,0x0000008f7b500000)]
  0x0000027d3f570800 JavaThread "Signal Dispatcher" daemon [_thread_blocked, id=14620, stack(0x0000008f7b500000,0x0000008f7b600000)]
  0x0000027d3f571800 JavaThread "Attach Listener" daemon [_thread_blocked, id=24200, stack(0x0000008f7b600000,0x0000008f7b700000)]
  0x0000027d3f575800 JavaThread "C2 CompilerThread0" daemon [_thread_in_native, id=8108, stack(0x0000008f7b700000,0x0000008f7b800000)]
  0x0000027d3f57f800 JavaThread "C1 CompilerThread0" daemon [_thread_blocked, id=16788, stack(0x0000008f7b800000,0x0000008f7b900000)]
  0x0000027d3f583800 JavaThread "Sweeper thread" daemon [_thread_blocked, id=8688, stack(0x0000008f7b900000,0x0000008f7ba00000)]
  0x0000027d3ec25000 JavaThread "Common-Cleaner" daemon [_thread_blocked, id=6004, stack(0x0000008f7ba00000,0x0000008f7bb00000)]
  0x0000027d3f84e800 JavaThread "JDWP Transport Listener: dt_socket" daemon [_thread_blocked, id=34944, stack(0x0000008f7bb00000,0x0000008f7bc00000)]
  0x0000027d3f849000 JavaThread "JDWP Event Helper Thread" daemon [_thread_blocked, id=27568, stack(0x0000008f7bc00000,0x0000008f7bd00000)]
  0x0000027d3f83d800 JavaThread "JDWP Command Reader" daemon [_thread_in_native, id=10624, stack(0x0000008f7bd00000,0x0000008f7be00000)]
  0x0000027d3fa9a800 JavaThread "Service Thread" daemon [_thread_blocked, id=25492, stack(0x0000008f7be00000,0x0000008f7bf00000)]
  0x0000027d4000d800 JavaThread "C2 CompilerThread1" daemon [_thread_in_native, id=22284, stack(0x0000008f7c000000,0x0000008f7c100000)]
  0x0000027d410bb000 JavaThread "C2 CompilerThread2" daemon [_thread_blocked, id=35220, stack(0x0000008f7c600000,0x0000008f7c700000)]
  0x0000027d41961000 JavaThread "AsyncAppender-Worker-ASYNC_CONSOLE_APPENDER" daemon [_thread_blocked, id=15448, stack(0x0000008f7c800000,0x0000008f7c900000)]
  0x0000027d41961800 JavaThread "AsyncAppender-Worker-ASYNC_JSON_CONSOLE_APPENDER" daemon [_thread_blocked, id=22420, stack(0x0000008f7c900000,0x0000008f7ca00000)]
  0x0000027d418c7000 JavaThread "AsyncAppender-Worker-ASYNC_FILE_APPENDER" daemon [_thread_blocked, id=10780, stack(0x0000008f7ca00000,0x0000008f7cb00000)]
  0x0000027d418ca800 JavaThread "AsyncAppender-Worker-ASYNC_SYSLOG" daemon [_thread_blocked, id=16324, stack(0x0000008f7cb00000,0x0000008f7cc00000)]
  0x0000027d43f8f800 JavaThread "ForkJoinPool.commonPool-worker-3" daemon [_thread_blocked, id=31692, stack(0x0000008f7cc00000,0x0000008f7cd00000)]
  0x0000027d44683000 JavaThread "ForkJoinPool.commonPool-worker-5" daemon [_thread_blocked, id=24176, stack(0x0000008f7cd00000,0x0000008f7ce00000)]
  0x0000027d42204000 JavaThread "ForkJoinPool.commonPool-worker-7" daemon [_thread_blocked, id=24080, stack(0x0000008f7ce00000,0x0000008f7cf00000)]
  0x0000027d4b7bb000 JavaThread "Catalina-utility-1" [_thread_blocked, id=12756, stack(0x0000008f7cf00000,0x0000008f7d000000)]
  0x0000027d441c7800 JavaThread "Catalina-utility-2" [_thread_blocked, id=412, stack(0x0000008f7d000000,0x0000008f7d100000)]
  0x0000027d459a0800 JavaThread "container-0" [_thread_blocked, id=27620, stack(0x0000008f7d100000,0x0000008f7d200000)]
  0x0000027d459a1800 JavaThread "cluster-ClusterId{value='654b7dca3444970cdd153bfd', description='null'}-10.42.77.14:27017" daemon [_thread_in_native, id=34092, stack(0x0000008f7d200000,0x0000008f7d300000)]
  0x0000027d459a2000 JavaThread "cluster-rtt-ClusterId{value='654b7dca3444970cdd153bfd', description='null'}-10.42.77.14:27017" daemon [_thread_blocked, id=30416, stack(0x0000008f7d300000,0x0000008f7d400000)]

Other Threads:
=>0x0000027d3ec6a000 VMThread "VM Thread" [stack: 0x0000008f7b200000,0x0000008f7b300000] [id=25624]
  0x0000027d3faba800 WatcherThread [stack: 0x0000008f7bf00000,0x0000008f7c000000] [id=31220]
  0x0000027d12ff6800 GCTaskThread "GC Thread#0" [stack: 0x0000008f7ad00000,0x0000008f7ae00000] [id=35576]
  0x0000027d404f6000 GCTaskThread "GC Thread#1" [stack: 0x0000008f7c100000,0x0000008f7c200000] [id=12260]
  0x0000027d40c51800 GCTaskThread "GC Thread#2" [stack: 0x0000008f7c200000,0x0000008f7c300000] [id=11956]
  0x0000027d40d22800 GCTaskThread "GC Thread#3" [stack: 0x0000008f7c300000,0x0000008f7c400000] [id=22856]
  0x0000027d40d23000 GCTaskThread "GC Thread#4" [stack: 0x0000008f7c400000,0x0000008f7c500000] [id=20904]
  0x0000027d40d24000 GCTaskThread "GC Thread#5" [stack: 0x0000008f7c500000,0x0000008f7c600000] [id=30080]
  0x0000027d13052000 ConcurrentGCThread "G1 Main Marker" [stack: 0x0000008f7ae00000,0x0000008f7af00000] [id=30260]
  0x0000027d13054800 ConcurrentGCThread "G1 Conc#0" [stack: 0x0000008f7af00000,0x0000008f7b000000] [id=31172]
  0x0000027d40740000 ConcurrentGCThread "G1 Conc#1" [stack: 0x0000008f7c700000,0x0000008f7c800000] [id=32632]
  0x0000027d3eb52800 ConcurrentGCThread "G1 Refine#0" [stack: 0x0000008f7b000000,0x0000008f7b100000] [id=488]
  0x0000027d3eb53000 ConcurrentGCThread "G1 Young RemSet Sampling" [stack: 0x0000008f7b100000,0x0000008f7b200000] [id=14332]

Threads with active compile tasks:
C2 CompilerThread0   7868 5283   !   4       org.springframework.core.annotation.AnnotationsScanner::processClassHierarchy (227 bytes)
C2 CompilerThread1   7869 5128       4       org.springframework.core.annotation.TypeMappedAnnotations::get (52 bytes)
C2 CompilerThread2   7869 5458   !   4       org.springframework.core.annotation.AnnotationsScanner::processMethodHierarchy (276 bytes)

VM state:at safepoint (normal execution)

VM Mutex/Monitor currently owned by a thread:  ([mutex/lock_event])
[0x0000027d12fdde30] Threads_lock - owner thread: 0x0000027d3ec6a000

Heap address: 0x0000000704600000, size: 4026 MB, Compressed Oops mode: Zero based, Oop shift amount: 3
Narrow klass base: 0x0000000800000000, Narrow klass shift: 0
Compressed class space size: 1073741824 Address: 0x0000000800000000

Heap:
 garbage-first heap   total 258048K, used 120008K [0x0000000704600000, 0x0000000800000000)
  region size 1024K, 110 young (112640K), 15 survivors (15360K)
 Metaspace       used 58844K, capacity 60326K, committed 60420K, reserved 1101824K
  class space    used 7034K, capacity 7617K, committed 7628K, reserved 1048576K
Heap Regions: E=young(eden), S=young(survivor), O=old, HS=humongous(starts), HC=humongous(continues), CS=collection set, F=free, A=archive, TAMS=top-at-mark-start (previous, next)
|   0|0x0000000704600000, 0x0000000704700000, 0x0000000704700000|100%|HS|  |TAMS 0x0000000704700000, 0x0000000704600000| Complete 
|   1|0x0000000704700000, 0x0000000704800000, 0x0000000704800000|100%| O|  |TAMS 0x0000000704800000, 0x0000000704700000| Untracked 
|   2|0x0000000704800000, 0x0000000704900000, 0x0000000704900000|100%| O|  |TAMS 0x0000000704900000, 0x0000000704800000| Untracked 
|   3|0x0000000704900000, 0x0000000704a00000, 0x0000000704a00000|100%| O|  |TAMS 0x0000000704a00000, 0x0000000704900000| Untracked 
|   4|0x0000000704a00000, 0x0000000704b00000, 0x0000000704b00000|100%| O|  |TAMS 0x0000000704b00000, 0x0000000704a00000| Untracked 
|   5|0x0000000704b00000, 0x0000000704c00000, 0x0000000704c00000|100%| O|  |TAMS 0x0000000704c00000, 0x0000000704b00000| Untracked 
|   6|0x0000000704c00000, 0x0000000704d00000, 0x0000000704d00000|100%| O|  |TAMS 0x0000000704d00000, 0x0000000704c00000| Untracked 
|   7|0x0000000704d00000, 0x0000000704e00000, 0x0000000704e00000|100%| O|  |TAMS 0x0000000704e00000, 0x0000000704d00000| Untracked 
|   8|0x0000000704e00000, 0x0000000704f00000, 0x0000000704f00000|100%| O|  |TAMS 0x0000000704f00000, 0x0000000704e00000| Untracked 
|   9|0x0000000704f00000, 0x0000000704fe4c00, 0x0000000705000000| 89%| O|  |TAMS 0x0000000704f28400, 0x0000000704f00000| Untracked 
|  10|0x0000000705000000, 0x0000000705000000, 0x0000000705100000|  0%| F|  |TAMS 0x0000000705000000, 0x0000000705000000| Untracked 
|  11|0x0000000705100000, 0x0000000705100000, 0x0000000705200000|  0%| F|  |TAMS 0x0000000705100000, 0x0000000705100000| Untracked 
|  12|0x0000000705200000, 0x0000000705200000, 0x0000000705300000|  0%| F|  |TAMS 0x0000000705200000, 0x0000000705200000| Untracked 
|  13|0x0000000705300000, 0x0000000705300000, 0x0000000705400000|  0%| F|  |TAMS 0x0000000705300000, 0x0000000705300000| Untracked 
|  14|0x0000000705400000, 0x0000000705400000, 0x0000000705500000|  0%| F|  |TAMS 0x0000000705400000, 0x0000000705400000| Untracked 
|  15|0x0000000705500000, 0x0000000705500000, 0x0000000705600000|  0%| F|  |TAMS 0x0000000705500000, 0x0000000705500000| Untracked 
|  16|0x0000000705600000, 0x0000000705600000, 0x0000000705700000|  0%| F|  |TAMS 0x0000000705600000, 0x0000000705600000| Untracked 
|  17|0x0000000705700000, 0x0000000705700000, 0x0000000705800000|  0%| F|  |TAMS 0x0000000705700000, 0x0000000705700000| Untracked 
|  18|0x0000000705800000, 0x0000000705800000, 0x0000000705900000|  0%| F|  |TAMS 0x0000000705800000, 0x0000000705800000| Untracked 
|  19|0x0000000705900000, 0x0000000705900000, 0x0000000705a00000|  0%| F|  |TAMS 0x0000000705900000, 0x0000000705900000| Untracked 
|  20|0x0000000705a00000, 0x0000000705a00000, 0x0000000705b00000|  0%| F|  |TAMS 0x0000000705a00000, 0x0000000705a00000| Untracked 
|  21|0x0000000705b00000, 0x0000000705b00000, 0x0000000705c00000|  0%| F|  |TAMS 0x0000000705b00000, 0x0000000705b00000| Untracked 
|  22|0x0000000705c00000, 0x0000000705c00000, 0x0000000705d00000|  0%| F|  |TAMS 0x0000000705c00000, 0x0000000705c00000| Untracked 
|  23|0x0000000705d00000, 0x0000000705d00000, 0x0000000705e00000|  0%| F|  |TAMS 0x0000000705d00000, 0x0000000705d00000| Untracked 
|  24|0x0000000705e00000, 0x0000000705e00000, 0x0000000705f00000|  0%| F|  |TAMS 0x0000000705e00000, 0x0000000705e00000| Untracked 
|  25|0x0000000705f00000, 0x0000000705f00000, 0x0000000706000000|  0%| F|  |TAMS 0x0000000705f00000, 0x0000000705f00000| Untracked 
|  26|0x0000000706000000, 0x0000000706000000, 0x0000000706100000|  0%| F|  |TAMS 0x0000000706000000, 0x0000000706000000| Untracked 
|  27|0x0000000706100000, 0x0000000706100000, 0x0000000706200000|  0%| F|  |TAMS 0x0000000706100000, 0x0000000706100000| Untracked 
|  28|0x0000000706200000, 0x0000000706200000, 0x0000000706300000|  0%| F|  |TAMS 0x0000000706200000, 0x0000000706200000| Untracked 
|  29|0x0000000706300000, 0x0000000706300000, 0x0000000706400000|  0%| F|  |TAMS 0x0000000706300000, 0x0000000706300000| Untracked 
|  30|0x0000000706400000, 0x0000000706400000, 0x0000000706500000|  0%| F|  |TAMS 0x0000000706400000, 0x0000000706400000| Untracked 
|  31|0x0000000706500000, 0x0000000706500000, 0x0000000706600000|  0%| F|  |TAMS 0x0000000706500000, 0x0000000706500000| Untracked 
|  32|0x0000000706600000, 0x0000000706600000, 0x0000000706700000|  0%| F|  |TAMS 0x0000000706600000, 0x0000000706600000| Untracked 
|  33|0x0000000706700000, 0x0000000706700000, 0x0000000706800000|  0%| F|  |TAMS 0x0000000706700000, 0x0000000706700000| Untracked 
|  34|0x0000000706800000, 0x0000000706800000, 0x0000000706900000|  0%| F|  |TAMS 0x0000000706800000, 0x0000000706800000| Untracked 
|  35|0x0000000706900000, 0x0000000706900000, 0x0000000706a00000|  0%| F|  |TAMS 0x0000000706900000, 0x0000000706900000| Untracked 
|  36|0x0000000706a00000, 0x0000000706a00000, 0x0000000706b00000|  0%| F|  |TAMS 0x0000000706a00000, 0x0000000706a00000| Untracked 
|  37|0x0000000706b00000, 0x0000000706b00000, 0x0000000706c00000|  0%| F|  |TAMS 0x0000000706b00000, 0x0000000706b00000| Untracked 
|  38|0x0000000706c00000, 0x0000000706c00000, 0x0000000706d00000|  0%| F|  |TAMS 0x0000000706c00000, 0x0000000706c00000| Untracked 
|  39|0x0000000706d00000, 0x0000000706d00000, 0x0000000706e00000|  0%| F|  |TAMS 0x0000000706d00000, 0x0000000706d00000| Untracked 
|  40|0x0000000706e00000, 0x0000000706e00000, 0x0000000706f00000|  0%| F|  |TAMS 0x0000000706e00000, 0x0000000706e00000| Untracked 
|  41|0x0000000706f00000, 0x0000000706f00000, 0x0000000707000000|  0%| F|  |TAMS 0x0000000706f00000, 0x0000000706f00000| Untracked 
|  42|0x0000000707000000, 0x0000000707000000, 0x0000000707100000|  0%| F|  |TAMS 0x0000000707000000, 0x0000000707000000| Untracked 
|  43|0x0000000707100000, 0x0000000707100000, 0x0000000707200000|  0%| F|  |TAMS 0x0000000707100000, 0x0000000707100000| Untracked 
|  44|0x0000000707200000, 0x0000000707200000, 0x0000000707300000|  0%| F|  |TAMS 0x0000000707200000, 0x0000000707200000| Untracked 
|  45|0x0000000707300000, 0x0000000707300000, 0x0000000707400000|  0%| F|  |TAMS 0x0000000707300000, 0x0000000707300000| Untracked 
|  46|0x0000000707400000, 0x0000000707400000, 0x0000000707500000|  0%| F|  |TAMS 0x0000000707400000, 0x0000000707400000| Untracked 
|  47|0x0000000707500000, 0x0000000707500000, 0x0000000707600000|  0%| F|  |TAMS 0x0000000707500000, 0x0000000707500000| Untracked 
|  48|0x0000000707600000, 0x0000000707600000, 0x0000000707700000|  0%| F|  |TAMS 0x0000000707600000, 0x0000000707600000| Untracked 
|  49|0x0000000707700000, 0x0000000707700000, 0x0000000707800000|  0%| F|  |TAMS 0x0000000707700000, 0x0000000707700000| Untracked 
|  50|0x0000000707800000, 0x0000000707800000, 0x0000000707900000|  0%| F|  |TAMS 0x0000000707800000, 0x0000000707800000| Untracked 
|  51|0x0000000707900000, 0x0000000707900000, 0x0000000707a00000|  0%| F|  |TAMS 0x0000000707900000, 0x0000000707900000| Untracked 
|  52|0x0000000707a00000, 0x0000000707a00000, 0x0000000707b00000|  0%| F|  |TAMS 0x0000000707a00000, 0x0000000707a00000| Untracked 
|  53|0x0000000707b00000, 0x0000000707b00000, 0x0000000707c00000|  0%| F|  |TAMS 0x0000000707b00000, 0x0000000707b00000| Untracked 
|  54|0x0000000707c00000, 0x0000000707c00000, 0x0000000707d00000|  0%| F|  |TAMS 0x0000000707c00000, 0x0000000707c00000| Untracked 
|  55|0x0000000707d00000, 0x0000000707d00000, 0x0000000707e00000|  0%| F|  |TAMS 0x0000000707d00000, 0x0000000707d00000| Untracked 
|  56|0x0000000707e00000, 0x0000000707e00000, 0x0000000707f00000|  0%| F|  |TAMS 0x0000000707e00000, 0x0000000707e00000| Untracked 
|  57|0x0000000707f00000, 0x0000000707f00000, 0x0000000708000000|  0%| F|  |TAMS 0x0000000707f00000, 0x0000000707f00000| Untracked 
|  58|0x0000000708000000, 0x0000000708000000, 0x0000000708100000|  0%| F|  |TAMS 0x0000000708000000, 0x0000000708000000| Untracked 
|  59|0x0000000708100000, 0x0000000708100000, 0x0000000708200000|  0%| F|  |TAMS 0x0000000708100000, 0x0000000708100000| Untracked 
|  60|0x0000000708200000, 0x0000000708200000, 0x0000000708300000|  0%| F|  |TAMS 0x0000000708200000, 0x0000000708200000| Untracked 
|  61|0x0000000708300000, 0x0000000708300000, 0x0000000708400000|  0%| F|  |TAMS 0x0000000708300000, 0x0000000708300000| Untracked 
|  62|0x0000000708400000, 0x0000000708400000, 0x0000000708500000|  0%| F|  |TAMS 0x0000000708400000, 0x0000000708400000| Untracked 
|  63|0x0000000708500000, 0x0000000708500000, 0x0000000708600000|  0%| F|  |TAMS 0x0000000708500000, 0x0000000708500000| Untracked 
|  64|0x0000000708600000, 0x0000000708600000, 0x0000000708700000|  0%| F|  |TAMS 0x0000000708600000, 0x0000000708600000| Untracked 
|  65|0x0000000708700000, 0x0000000708700000, 0x0000000708800000|  0%| F|  |TAMS 0x0000000708700000, 0x0000000708700000| Untracked 
|  66|0x0000000708800000, 0x0000000708800000, 0x0000000708900000|  0%| F|  |TAMS 0x0000000708800000, 0x0000000708800000| Untracked 
|  67|0x0000000708900000, 0x0000000708900000, 0x0000000708a00000|  0%| F|  |TAMS 0x0000000708900000, 0x0000000708900000| Untracked 
|  68|0x0000000708a00000, 0x0000000708a00000, 0x0000000708b00000|  0%| F|  |TAMS 0x0000000708a00000, 0x0000000708a00000| Untracked 
|  69|0x0000000708b00000, 0x0000000708b00000, 0x0000000708c00000|  0%| F|  |TAMS 0x0000000708b00000, 0x0000000708b00000| Untracked 
|  70|0x0000000708c00000, 0x0000000708c00000, 0x0000000708d00000|  0%| F|  |TAMS 0x0000000708c00000, 0x0000000708c00000| Untracked 
|  71|0x0000000708d00000, 0x0000000708d00000, 0x0000000708e00000|  0%| F|  |TAMS 0x0000000708d00000, 0x0000000708d00000| Untracked 
|  72|0x0000000708e00000, 0x0000000708e00000, 0x0000000708f00000|  0%| F|  |TAMS 0x0000000708e00000, 0x0000000708e00000| Untracked 
|  73|0x0000000708f00000, 0x0000000708f00000, 0x0000000709000000|  0%| F|  |TAMS 0x0000000708f00000, 0x0000000708f00000| Untracked 
|  74|0x0000000709000000, 0x0000000709000000, 0x0000000709100000|  0%| F|  |TAMS 0x0000000709000000, 0x0000000709000000| Untracked 
|  75|0x0000000709100000, 0x0000000709100000, 0x0000000709200000|  0%| F|  |TAMS 0x0000000709100000, 0x0000000709100000| Untracked 
|  76|0x0000000709200000, 0x0000000709200000, 0x0000000709300000|  0%| F|  |TAMS 0x0000000709200000, 0x0000000709200000| Untracked 
|  77|0x0000000709300000, 0x0000000709300000, 0x0000000709400000|  0%| F|  |TAMS 0x0000000709300000, 0x0000000709300000| Untracked 
|  78|0x0000000709400000, 0x0000000709400000, 0x0000000709500000|  0%| F|  |TAMS 0x0000000709400000, 0x0000000709400000| Untracked 
|  79|0x0000000709500000, 0x0000000709500000, 0x0000000709600000|  0%| F|  |TAMS 0x0000000709500000, 0x0000000709500000| Untracked 
|  80|0x0000000709600000, 0x0000000709600000, 0x0000000709700000|  0%| F|  |TAMS 0x0000000709600000, 0x0000000709600000| Untracked 
|  81|0x0000000709700000, 0x0000000709700000, 0x0000000709800000|  0%| F|  |TAMS 0x0000000709700000, 0x0000000709700000| Untracked 
|  82|0x0000000709800000, 0x0000000709800000, 0x0000000709900000|  0%| F|  |TAMS 0x0000000709800000, 0x0000000709800000| Untracked 
|  83|0x0000000709900000, 0x0000000709900000, 0x0000000709a00000|  0%| F|  |TAMS 0x0000000709900000, 0x0000000709900000| Untracked 
|  84|0x0000000709a00000, 0x0000000709a00000, 0x0000000709b00000|  0%| F|  |TAMS 0x0000000709a00000, 0x0000000709a00000| Untracked 
|  85|0x0000000709b00000, 0x0000000709b00000, 0x0000000709c00000|  0%| F|  |TAMS 0x0000000709b00000, 0x0000000709b00000| Untracked 
|  86|0x0000000709c00000, 0x0000000709c4d778, 0x0000000709d00000| 30%| S|CS|TAMS 0x0000000709c00000, 0x0000000709c00000| Complete 
|  87|0x0000000709d00000, 0x0000000709e00000, 0x0000000709e00000|100%| S|CS|TAMS 0x0000000709d00000, 0x0000000709d00000| Complete 
|  88|0x0000000709e00000, 0x0000000709f00000, 0x0000000709f00000|100%| S|CS|TAMS 0x0000000709e00000, 0x0000000709e00000| Complete 
|  89|0x0000000709f00000, 0x000000070a000000, 0x000000070a000000|100%| S|CS|TAMS 0x0000000709f00000, 0x0000000709f00000| Complete 
|  90|0x000000070a000000, 0x000000070a100000, 0x000000070a100000|100%| S|CS|TAMS 0x000000070a000000, 0x000000070a000000| Complete 
|  91|0x000000070a100000, 0x000000070a200000, 0x000000070a200000|100%| S|CS|TAMS 0x000000070a100000, 0x000000070a100000| Complete 
|  92|0x000000070a200000, 0x000000070a300000, 0x000000070a300000|100%| S|CS|TAMS 0x000000070a200000, 0x000000070a200000| Complete 
|  93|0x000000070a300000, 0x000000070a400000, 0x000000070a400000|100%| S|CS|TAMS 0x000000070a300000, 0x000000070a300000| Complete 
|  94|0x000000070a400000, 0x000000070a500000, 0x000000070a500000|100%| S|CS|TAMS 0x000000070a400000, 0x000000070a400000| Complete 
|  95|0x000000070a500000, 0x000000070a600000, 0x000000070a600000|100%| S|CS|TAMS 0x000000070a500000, 0x000000070a500000| Complete 
|  96|0x000000070a600000, 0x000000070a700000, 0x000000070a700000|100%| S|CS|TAMS 0x000000070a600000, 0x000000070a600000| Complete 
|  97|0x000000070a700000, 0x000000070a800000, 0x000000070a800000|100%| S|CS|TAMS 0x000000070a700000, 0x000000070a700000| Complete 
|  98|0x000000070a800000, 0x000000070a900000, 0x000000070a900000|100%| S|CS|TAMS 0x000000070a800000, 0x000000070a800000| Complete 
|  99|0x000000070a900000, 0x000000070aa00000, 0x000000070aa00000|100%| S|CS|TAMS 0x000000070a900000, 0x000000070a900000| Complete 
| 100|0x000000070aa00000, 0x000000070aa00000, 0x000000070ab00000|  0%| F|  |TAMS 0x000000070aa00000, 0x000000070aa00000| Untracked 
| 101|0x000000070ab00000, 0x000000070ab00000, 0x000000070ac00000|  0%| F|  |TAMS 0x000000070ab00000, 0x000000070ab00000| Untracked 
| 102|0x000000070ac00000, 0x000000070ac00000, 0x000000070ad00000|  0%| F|  |TAMS 0x000000070ac00000, 0x000000070ac00000| Untracked 
| 103|0x000000070ad00000, 0x000000070ad00000, 0x000000070ae00000|  0%| F|  |TAMS 0x000000070ad00000, 0x000000070ad00000| Untracked 
| 104|0x000000070ae00000, 0x000000070ae00000, 0x000000070af00000|  0%| F|  |TAMS 0x000000070ae00000, 0x000000070ae00000| Untracked 
| 105|0x000000070af00000, 0x000000070af00000, 0x000000070b000000|  0%| F|  |TAMS 0x000000070af00000, 0x000000070af00000| Untracked 
| 106|0x000000070b000000, 0x000000070b000000, 0x000000070b100000|  0%| F|  |TAMS 0x000000070b000000, 0x000000070b000000| Untracked 
| 107|0x000000070b100000, 0x000000070b100000, 0x000000070b200000|  0%| F|  |TAMS 0x000000070b100000, 0x000000070b100000| Untracked 
| 108|0x000000070b200000, 0x000000070b200000, 0x000000070b300000|  0%| F|  |TAMS 0x000000070b200000, 0x000000070b200000| Untracked 
| 109|0x000000070b300000, 0x000000070b300000, 0x000000070b400000|  0%| F|  |TAMS 0x000000070b300000, 0x000000070b300000| Untracked 
| 110|0x000000070b400000, 0x000000070b400000, 0x000000070b500000|  0%| F|  |TAMS 0x000000070b400000, 0x000000070b400000| Untracked 
| 111|0x000000070b500000, 0x000000070b600000, 0x000000070b600000|100%| S|CS|TAMS 0x000000070b500000, 0x000000070b500000| Complete 
| 112|0x000000070b600000, 0x000000070b600000, 0x000000070b700000|  0%| F|  |TAMS 0x000000070b600000, 0x000000070b600000| Untracked 
| 113|0x000000070b700000, 0x000000070b700000, 0x000000070b800000|  0%| F|  |TAMS 0x000000070b700000, 0x000000070b700000| Untracked 
| 114|0x000000070b800000, 0x000000070b800000, 0x000000070b900000|  0%| F|  |TAMS 0x000000070b800000, 0x000000070b800000| Untracked 
| 115|0x000000070b900000, 0x000000070b900000, 0x000000070ba00000|  0%| F|  |TAMS 0x000000070b900000, 0x000000070b900000| Untracked 
| 116|0x000000070ba00000, 0x000000070ba00000, 0x000000070bb00000|  0%| F|  |TAMS 0x000000070ba00000, 0x000000070ba00000| Untracked 
| 117|0x000000070bb00000, 0x000000070bb00000, 0x000000070bc00000|  0%| F|  |TAMS 0x000000070bb00000, 0x000000070bb00000| Untracked 
| 118|0x000000070bc00000, 0x000000070bc00000, 0x000000070bd00000|  0%| F|  |TAMS 0x000000070bc00000, 0x000000070bc00000| Untracked 
| 119|0x000000070bd00000, 0x000000070bd00000, 0x000000070be00000|  0%| F|  |TAMS 0x000000070bd00000, 0x000000070bd00000| Untracked 
| 120|0x000000070be00000, 0x000000070be00000, 0x000000070bf00000|  0%| F|  |TAMS 0x000000070be00000, 0x000000070be00000| Untracked 
| 121|0x000000070bf00000, 0x000000070bf00000, 0x000000070c000000|  0%| F|  |TAMS 0x000000070bf00000, 0x000000070bf00000| Untracked 
| 122|0x000000070c000000, 0x000000070c000000, 0x000000070c100000|  0%| F|  |TAMS 0x000000070c000000, 0x000000070c000000| Untracked 
| 123|0x000000070c100000, 0x000000070c100000, 0x000000070c200000|  0%| F|  |TAMS 0x000000070c100000, 0x000000070c100000| Untracked 
| 124|0x000000070c200000, 0x000000070c200000, 0x000000070c300000|  0%| F|  |TAMS 0x000000070c200000, 0x000000070c200000| Untracked 
| 125|0x000000070c300000, 0x000000070c300000, 0x000000070c400000|  0%| F|  |TAMS 0x000000070c300000, 0x000000070c300000| Untracked 
| 126|0x000000070c400000, 0x000000070c400000, 0x000000070c500000|  0%| F|  |TAMS 0x000000070c400000, 0x000000070c400000| Untracked 
| 127|0x000000070c500000, 0x000000070c500000, 0x000000070c600000|  0%| F|  |TAMS 0x000000070c500000, 0x000000070c500000| Untracked 
| 128|0x000000070c600000, 0x000000070c600000, 0x000000070c700000|  0%| F|  |TAMS 0x000000070c600000, 0x000000070c600000| Untracked 
| 129|0x000000070c700000, 0x000000070c700000, 0x000000070c800000|  0%| F|  |TAMS 0x000000070c700000, 0x000000070c700000| Untracked 
| 130|0x000000070c800000, 0x000000070c800000, 0x000000070c900000|  0%| F|  |TAMS 0x000000070c800000, 0x000000070c800000| Untracked 
| 131|0x000000070c900000, 0x000000070c900000, 0x000000070ca00000|  0%| F|  |TAMS 0x000000070c900000, 0x000000070c900000| Untracked 
| 132|0x000000070ca00000, 0x000000070ca00000, 0x000000070cb00000|  0%| F|  |TAMS 0x000000070ca00000, 0x000000070ca00000| Untracked 
| 133|0x000000070cb00000, 0x000000070cb00000, 0x000000070cc00000|  0%| F|  |TAMS 0x000000070cb00000, 0x000000070cb00000| Untracked 
| 134|0x000000070cc00000, 0x000000070cc00000, 0x000000070cd00000|  0%| F|  |TAMS 0x000000070cc00000, 0x000000070cc00000| Untracked 
| 135|0x000000070cd00000, 0x000000070cd00000, 0x000000070ce00000|  0%| F|  |TAMS 0x000000070cd00000, 0x000000070cd00000| Untracked 
| 136|0x000000070ce00000, 0x000000070ce00000, 0x000000070cf00000|  0%| F|  |TAMS 0x000000070ce00000, 0x000000070ce00000| Untracked 
| 137|0x000000070cf00000, 0x000000070cf00000, 0x000000070d000000|  0%| F|  |TAMS 0x000000070cf00000, 0x000000070cf00000| Untracked 
| 138|0x000000070d000000, 0x000000070d000000, 0x000000070d100000|  0%| F|  |TAMS 0x000000070d000000, 0x000000070d000000| Untracked 
| 139|0x000000070d100000, 0x000000070d100000, 0x000000070d200000|  0%| F|  |TAMS 0x000000070d100000, 0x000000070d100000| Untracked 
| 140|0x000000070d200000, 0x000000070d200000, 0x000000070d300000|  0%| F|  |TAMS 0x000000070d200000, 0x000000070d200000| Untracked 
| 141|0x000000070d300000, 0x000000070d300000, 0x000000070d400000|  0%| F|  |TAMS 0x000000070d300000, 0x000000070d300000| Untracked 
| 142|0x000000070d400000, 0x000000070d400000, 0x000000070d500000|  0%| F|  |TAMS 0x000000070d400000, 0x000000070d400000| Untracked 
| 143|0x000000070d500000, 0x000000070d500000, 0x000000070d600000|  0%| F|  |TAMS 0x000000070d500000, 0x000000070d500000| Untracked 
| 144|0x000000070d600000, 0x000000070d600000, 0x000000070d700000|  0%| F|  |TAMS 0x000000070d600000, 0x000000070d600000| Untracked 
| 145|0x000000070d700000, 0x000000070d700000, 0x000000070d800000|  0%| F|  |TAMS 0x000000070d700000, 0x000000070d700000| Untracked 
| 146|0x000000070d800000, 0x000000070d800000, 0x000000070d900000|  0%| F|  |TAMS 0x000000070d800000, 0x000000070d800000| Untracked 
| 147|0x000000070d900000, 0x000000070d900000, 0x000000070da00000|  0%| F|  |TAMS 0x000000070d900000, 0x000000070d900000| Untracked 
| 148|0x000000070da00000, 0x000000070da00000, 0x000000070db00000|  0%| F|  |TAMS 0x000000070da00000, 0x000000070da00000| Untracked 
| 149|0x000000070db00000, 0x000000070db00000, 0x000000070dc00000|  0%| F|  |TAMS 0x000000070db00000, 0x000000070db00000| Untracked 
| 150|0x000000070dc00000, 0x000000070dc00000, 0x000000070dd00000|  0%| F|  |TAMS 0x000000070dc00000, 0x000000070dc00000| Untracked 
| 151|0x000000070dd00000, 0x000000070dd00000, 0x000000070de00000|  0%| F|  |TAMS 0x000000070dd00000, 0x000000070dd00000| Untracked 
| 152|0x000000070de00000, 0x000000070de00000, 0x000000070df00000|  0%| F|  |TAMS 0x000000070de00000, 0x000000070de00000| Untracked 
| 153|0x000000070df00000, 0x000000070df00000, 0x000000070e000000|  0%| F|  |TAMS 0x000000070df00000, 0x000000070df00000| Untracked 
| 154|0x000000070e000000, 0x000000070e000000, 0x000000070e100000|  0%| F|  |TAMS 0x000000070e000000, 0x000000070e000000| Untracked 
| 155|0x000000070e100000, 0x000000070e100000, 0x000000070e200000|  0%| F|  |TAMS 0x000000070e100000, 0x000000070e100000| Untracked 
| 156|0x000000070e200000, 0x000000070e200000, 0x000000070e300000|  0%| F|  |TAMS 0x000000070e200000, 0x000000070e200000| Untracked 
| 157|0x000000070e300000, 0x000000070e380800, 0x000000070e400000| 50%| E|  |TAMS 0x000000070e300000, 0x000000070e300000| Complete 
| 158|0x000000070e400000, 0x000000070e500000, 0x000000070e500000|100%| E|CS|TAMS 0x000000070e400000, 0x000000070e400000| Complete 
| 159|0x000000070e500000, 0x000000070e600000, 0x000000070e600000|100%| E|CS|TAMS 0x000000070e500000, 0x000000070e500000| Complete 
| 160|0x000000070e600000, 0x000000070e700000, 0x000000070e700000|100%| E|CS|TAMS 0x000000070e600000, 0x000000070e600000| Complete 
| 161|0x000000070e700000, 0x000000070e800000, 0x000000070e800000|100%| E|CS|TAMS 0x000000070e700000, 0x000000070e700000| Complete 
| 162|0x000000070e800000, 0x000000070e900000, 0x000000070e900000|100%| E|CS|TAMS 0x000000070e800000, 0x000000070e800000| Complete 
| 163|0x000000070e900000, 0x000000070ea00000, 0x000000070ea00000|100%| E|CS|TAMS 0x000000070e900000, 0x000000070e900000| Complete 
| 164|0x000000070ea00000, 0x000000070eb00000, 0x000000070eb00000|100%| E|CS|TAMS 0x000000070ea00000, 0x000000070ea00000| Complete 
| 165|0x000000070eb00000, 0x000000070ec00000, 0x000000070ec00000|100%| E|CS|TAMS 0x000000070eb00000, 0x000000070eb00000| Complete 
| 166|0x000000070ec00000, 0x000000070ed00000, 0x000000070ed00000|100%| E|CS|TAMS 0x000000070ec00000, 0x000000070ec00000| Complete 
| 167|0x000000070ed00000, 0x000000070ee00000, 0x000000070ee00000|100%| E|CS|TAMS 0x000000070ed00000, 0x000000070ed00000| Complete 
| 168|0x000000070ee00000, 0x000000070ef00000, 0x000000070ef00000|100%| E|CS|TAMS 0x000000070ee00000, 0x000000070ee00000| Complete 
| 169|0x000000070ef00000, 0x000000070f000000, 0x000000070f000000|100%| E|CS|TAMS 0x000000070ef00000, 0x000000070ef00000| Complete 
| 170|0x000000070f000000, 0x000000070f100000, 0x000000070f100000|100%| E|CS|TAMS 0x000000070f000000, 0x000000070f000000| Complete 
| 171|0x000000070f100000, 0x000000070f200000, 0x000000070f200000|100%| E|CS|TAMS 0x000000070f100000, 0x000000070f100000| Complete 
| 172|0x000000070f200000, 0x000000070f300000, 0x000000070f300000|100%| E|CS|TAMS 0x000000070f200000, 0x000000070f200000| Complete 
| 173|0x000000070f300000, 0x000000070f400000, 0x000000070f400000|100%| E|CS|TAMS 0x000000070f300000, 0x000000070f300000| Complete 
| 174|0x000000070f400000, 0x000000070f500000, 0x000000070f500000|100%| E|CS|TAMS 0x000000070f400000, 0x000000070f400000| Complete 
| 175|0x000000070f500000, 0x000000070f600000, 0x000000070f600000|100%| E|CS|TAMS 0x000000070f500000, 0x000000070f500000| Complete 
| 176|0x000000070f600000, 0x000000070f700000, 0x000000070f700000|100%| E|CS|TAMS 0x000000070f600000, 0x000000070f600000| Complete 
| 177|0x000000070f700000, 0x000000070f800000, 0x000000070f800000|100%| E|CS|TAMS 0x000000070f700000, 0x000000070f700000| Complete 
| 178|0x000000070f800000, 0x000000070f900000, 0x000000070f900000|100%| E|CS|TAMS 0x000000070f800000, 0x000000070f800000| Complete 
| 179|0x000000070f900000, 0x000000070fa00000, 0x000000070fa00000|100%| E|CS|TAMS 0x000000070f900000, 0x000000070f900000| Complete 
| 180|0x000000070fa00000, 0x000000070fb00000, 0x000000070fb00000|100%| E|CS|TAMS 0x000000070fa00000, 0x000000070fa00000| Complete 
| 181|0x000000070fb00000, 0x000000070fc00000, 0x000000070fc00000|100%| E|CS|TAMS 0x000000070fb00000, 0x000000070fb00000| Complete 
| 182|0x000000070fc00000, 0x000000070fd00000, 0x000000070fd00000|100%| E|CS|TAMS 0x000000070fc00000, 0x000000070fc00000| Complete 
| 183|0x000000070fd00000, 0x000000070fe00000, 0x000000070fe00000|100%| E|CS|TAMS 0x000000070fd00000, 0x000000070fd00000| Complete 
| 184|0x000000070fe00000, 0x000000070ff00000, 0x000000070ff00000|100%| E|CS|TAMS 0x000000070fe00000, 0x000000070fe00000| Complete 
| 185|0x000000070ff00000, 0x0000000710000000, 0x0000000710000000|100%| E|CS|TAMS 0x000000070ff00000, 0x000000070ff00000| Complete 
| 186|0x0000000710000000, 0x0000000710100000, 0x0000000710100000|100%| E|CS|TAMS 0x0000000710000000, 0x0000000710000000| Complete 
| 187|0x0000000710100000, 0x0000000710200000, 0x0000000710200000|100%| E|CS|TAMS 0x0000000710100000, 0x0000000710100000| Complete 
| 188|0x0000000710200000, 0x0000000710300000, 0x0000000710300000|100%| E|CS|TAMS 0x0000000710200000, 0x0000000710200000| Complete 
| 189|0x0000000710300000, 0x0000000710400000, 0x0000000710400000|100%| E|CS|TAMS 0x0000000710300000, 0x0000000710300000| Complete 
| 190|0x0000000710400000, 0x0000000710500000, 0x0000000710500000|100%| E|CS|TAMS 0x0000000710400000, 0x0000000710400000| Complete 
| 191|0x0000000710500000, 0x0000000710600000, 0x0000000710600000|100%| E|CS|TAMS 0x0000000710500000, 0x0000000710500000| Complete 
| 192|0x0000000710600000, 0x0000000710700000, 0x0000000710700000|100%| E|CS|TAMS 0x0000000710600000, 0x0000000710600000| Complete 
| 193|0x0000000710700000, 0x0000000710800000, 0x0000000710800000|100%| E|CS|TAMS 0x0000000710700000, 0x0000000710700000| Complete 
| 194|0x0000000710800000, 0x0000000710900000, 0x0000000710900000|100%| E|CS|TAMS 0x0000000710800000, 0x0000000710800000| Complete 
| 195|0x0000000710900000, 0x0000000710a00000, 0x0000000710a00000|100%| E|CS|TAMS 0x0000000710900000, 0x0000000710900000| Complete 
| 196|0x0000000710a00000, 0x0000000710b00000, 0x0000000710b00000|100%| E|CS|TAMS 0x0000000710a00000, 0x0000000710a00000| Complete 
| 197|0x0000000710b00000, 0x0000000710c00000, 0x0000000710c00000|100%| E|CS|TAMS 0x0000000710b00000, 0x0000000710b00000| Complete 
| 198|0x0000000710c00000, 0x0000000710d00000, 0x0000000710d00000|100%| E|CS|TAMS 0x0000000710c00000, 0x0000000710c00000| Complete 
| 199|0x0000000710d00000, 0x0000000710e00000, 0x0000000710e00000|100%| E|CS|TAMS 0x0000000710d00000, 0x0000000710d00000| Complete 
| 200|0x0000000710e00000, 0x0000000710f00000, 0x0000000710f00000|100%| E|CS|TAMS 0x0000000710e00000, 0x0000000710e00000| Complete 
| 201|0x0000000710f00000, 0x0000000711000000, 0x0000000711000000|100%| E|CS|TAMS 0x0000000710f00000, 0x0000000710f00000| Complete 
| 202|0x0000000711000000, 0x0000000711100000, 0x0000000711100000|100%| E|CS|TAMS 0x0000000711000000, 0x0000000711000000| Complete 
| 203|0x0000000711100000, 0x0000000711200000, 0x0000000711200000|100%| E|CS|TAMS 0x0000000711100000, 0x0000000711100000| Complete 
| 204|0x0000000711200000, 0x0000000711300000, 0x0000000711300000|100%| E|CS|TAMS 0x0000000711200000, 0x0000000711200000| Complete 
| 205|0x0000000711300000, 0x0000000711400000, 0x0000000711400000|100%| E|CS|TAMS 0x0000000711300000, 0x0000000711300000| Complete 
| 206|0x0000000711400000, 0x0000000711500000, 0x0000000711500000|100%| E|CS|TAMS 0x0000000711400000, 0x0000000711400000| Complete 
| 207|0x0000000711500000, 0x0000000711600000, 0x0000000711600000|100%| E|CS|TAMS 0x0000000711500000, 0x0000000711500000| Complete 
| 208|0x0000000711600000, 0x0000000711700000, 0x0000000711700000|100%| E|CS|TAMS 0x0000000711600000, 0x0000000711600000| Complete 
| 209|0x0000000711700000, 0x0000000711800000, 0x0000000711800000|100%| E|CS|TAMS 0x0000000711700000, 0x0000000711700000| Complete 
| 210|0x0000000711800000, 0x0000000711900000, 0x0000000711900000|100%| E|CS|TAMS 0x0000000711800000, 0x0000000711800000| Complete 
| 211|0x0000000711900000, 0x0000000711a00000, 0x0000000711a00000|100%| E|CS|TAMS 0x0000000711900000, 0x0000000711900000| Complete 
| 212|0x0000000711a00000, 0x0000000711b00000, 0x0000000711b00000|100%| E|CS|TAMS 0x0000000711a00000, 0x0000000711a00000| Complete 
| 213|0x0000000711b00000, 0x0000000711c00000, 0x0000000711c00000|100%| E|CS|TAMS 0x0000000711b00000, 0x0000000711b00000| Complete 
| 214|0x0000000711c00000, 0x0000000711d00000, 0x0000000711d00000|100%| E|CS|TAMS 0x0000000711c00000, 0x0000000711c00000| Complete 
| 215|0x0000000711d00000, 0x0000000711e00000, 0x0000000711e00000|100%| E|CS|TAMS 0x0000000711d00000, 0x0000000711d00000| Complete 
| 216|0x0000000711e00000, 0x0000000711f00000, 0x0000000711f00000|100%| E|CS|TAMS 0x0000000711e00000, 0x0000000711e00000| Complete 
| 217|0x0000000711f00000, 0x0000000712000000, 0x0000000712000000|100%| E|CS|TAMS 0x0000000711f00000, 0x0000000711f00000| Complete 
| 218|0x0000000712000000, 0x0000000712100000, 0x0000000712100000|100%| E|CS|TAMS 0x0000000712000000, 0x0000000712000000| Complete 
| 219|0x0000000712100000, 0x0000000712200000, 0x0000000712200000|100%| E|CS|TAMS 0x0000000712100000, 0x0000000712100000| Complete 
| 220|0x0000000712200000, 0x0000000712300000, 0x0000000712300000|100%| E|CS|TAMS 0x0000000712200000, 0x0000000712200000| Complete 
| 221|0x0000000712300000, 0x0000000712400000, 0x0000000712400000|100%| E|CS|TAMS 0x0000000712300000, 0x0000000712300000| Complete 
| 222|0x0000000712400000, 0x0000000712500000, 0x0000000712500000|100%| E|CS|TAMS 0x0000000712400000, 0x0000000712400000| Complete 
| 223|0x0000000712500000, 0x0000000712600000, 0x0000000712600000|100%| E|CS|TAMS 0x0000000712500000, 0x0000000712500000| Complete 
| 224|0x0000000712600000, 0x0000000712700000, 0x0000000712700000|100%| E|CS|TAMS 0x0000000712600000, 0x0000000712600000| Complete 
| 225|0x0000000712700000, 0x0000000712800000, 0x0000000712800000|100%| E|CS|TAMS 0x0000000712700000, 0x0000000712700000| Complete 
| 226|0x0000000712800000, 0x0000000712900000, 0x0000000712900000|100%| E|CS|TAMS 0x0000000712800000, 0x0000000712800000| Complete 
| 227|0x0000000712900000, 0x0000000712a00000, 0x0000000712a00000|100%| E|CS|TAMS 0x0000000712900000, 0x0000000712900000| Complete 
| 228|0x0000000712a00000, 0x0000000712b00000, 0x0000000712b00000|100%| E|CS|TAMS 0x0000000712a00000, 0x0000000712a00000| Complete 
| 229|0x0000000712b00000, 0x0000000712c00000, 0x0000000712c00000|100%| E|CS|TAMS 0x0000000712b00000, 0x0000000712b00000| Complete 
| 230|0x0000000712c00000, 0x0000000712d00000, 0x0000000712d00000|100%| E|CS|TAMS 0x0000000712c00000, 0x0000000712c00000| Complete 
| 231|0x0000000712d00000, 0x0000000712e00000, 0x0000000712e00000|100%| E|CS|TAMS 0x0000000712d00000, 0x0000000712d00000| Complete 
| 232|0x0000000712e00000, 0x0000000712f00000, 0x0000000712f00000|100%| E|CS|TAMS 0x0000000712e00000, 0x0000000712e00000| Complete 
| 233|0x0000000712f00000, 0x0000000713000000, 0x0000000713000000|100%| E|CS|TAMS 0x0000000712f00000, 0x0000000712f00000| Complete 
| 234|0x0000000713000000, 0x0000000713100000, 0x0000000713100000|100%| E|CS|TAMS 0x0000000713000000, 0x0000000713000000| Complete 
| 235|0x0000000713100000, 0x0000000713200000, 0x0000000713200000|100%| E|CS|TAMS 0x0000000713100000, 0x0000000713100000| Complete 
| 236|0x0000000713200000, 0x0000000713300000, 0x0000000713300000|100%| E|CS|TAMS 0x0000000713200000, 0x0000000713200000| Complete 
| 237|0x0000000713300000, 0x0000000713400000, 0x0000000713400000|100%| E|CS|TAMS 0x0000000713300000, 0x0000000713300000| Complete 
| 238|0x0000000713400000, 0x0000000713500000, 0x0000000713500000|100%| E|CS|TAMS 0x0000000713400000, 0x0000000713400000| Complete 
| 239|0x0000000713500000, 0x0000000713600000, 0x0000000713600000|100%| E|CS|TAMS 0x0000000713500000, 0x0000000713500000| Complete 
| 240|0x0000000713600000, 0x0000000713700000, 0x0000000713700000|100%| E|CS|TAMS 0x0000000713600000, 0x0000000713600000| Complete 
| 241|0x0000000713700000, 0x0000000713800000, 0x0000000713800000|100%| E|CS|TAMS 0x0000000713700000, 0x0000000713700000| Complete 
| 242|0x0000000713800000, 0x0000000713900000, 0x0000000713900000|100%| E|CS|TAMS 0x0000000713800000, 0x0000000713800000| Complete 
| 243|0x0000000713900000, 0x0000000713a00000, 0x0000000713a00000|100%| E|CS|TAMS 0x0000000713900000, 0x0000000713900000| Complete 
| 244|0x0000000713a00000, 0x0000000713b00000, 0x0000000713b00000|100%| E|CS|TAMS 0x0000000713a00000, 0x0000000713a00000| Complete 
| 245|0x0000000713b00000, 0x0000000713c00000, 0x0000000713c00000|100%| E|CS|TAMS 0x0000000713b00000, 0x0000000713b00000| Complete 
| 246|0x0000000713c00000, 0x0000000713d00000, 0x0000000713d00000|100%| E|CS|TAMS 0x0000000713c00000, 0x0000000713c00000| Complete 
| 247|0x0000000713d00000, 0x0000000713e00000, 0x0000000713e00000|100%| E|CS|TAMS 0x0000000713d00000, 0x0000000713d00000| Complete 
| 248|0x0000000713e00000, 0x0000000713f00000, 0x0000000713f00000|100%| E|CS|TAMS 0x0000000713e00000, 0x0000000713e00000| Complete 
| 249|0x0000000713f00000, 0x0000000714000000, 0x0000000714000000|100%| E|CS|TAMS 0x0000000713f00000, 0x0000000713f00000| Complete 
| 250|0x0000000714000000, 0x0000000714100000, 0x0000000714100000|100%| E|CS|TAMS 0x0000000714000000, 0x0000000714000000| Complete 
| 251|0x0000000714100000, 0x0000000714200000, 0x0000000714200000|100%| E|  |TAMS 0x0000000714100000, 0x0000000714100000| Complete 

Card table byte_map: [0x0000027d33350000,0x0000027d33b30000] _byte_map_base: 0x0000027d2fb2d000

Marking Bits (Prev, Next): (CMBitMap*) 0x0000027d130417b8, (CMBitMap*) 0x0000027d130417f0
 Prev Bits: [0x0000027d34310000, 0x0000027d381f8000)
 Next Bits: [0x0000027d38200000, 0x0000027d3c0e8000)

Polling page: 0x0000027d12740000

Metaspace:

Usage:
  Non-class:     51.47 MB capacity,    50.59 MB ( 98%) used,   707.67 KB (  1%) free+waste,   192.13 KB ( <1%) overhead. 
      Class:      7.44 MB capacity,     6.87 MB ( 92%) used,   493.70 KB (  6%) free+waste,    88.44 KB (  1%) overhead. 
       Both:     58.91 MB capacity,    57.46 MB ( 98%) used,     1.17 MB (  2%) free+waste,   280.56 KB ( <1%) overhead. 

Virtual space:
  Non-class space:       52.00 MB reserved,      51.55 MB (>99%) committed 
      Class space:        1.00 GB reserved,       7.45 MB ( <1%) committed 
             Both:        1.05 GB reserved,      59.00 MB (  5%) committed 

Chunk freelists:
   Non-Class:  5.38 KB
       Class:  0 bytes
        Both:  5.38 KB

CodeHeap 'non-profiled nmethods': size=120000Kb used=3844Kb max_used=3844Kb free=116155Kb
 bounds [0x0000027d2b310000, 0x0000027d2b6e0000, 0x0000027d32840000]
CodeHeap 'profiled nmethods': size=120000Kb used=13722Kb max_used=13722Kb free=106277Kb
 bounds [0x0000027d23de0000, 0x0000027d24b50000, 0x0000027d2b310000]
CodeHeap 'non-nmethods': size=5760Kb used=1281Kb max_used=1340Kb free=4478Kb
 bounds [0x0000027d23840000, 0x0000027d23ab0000, 0x0000027d23de0000]
 total_blobs=6063 nmethods=5516 adapters=466
 compilation: enabled
              stopped_count=0, restarted_count=0
 full_count=0

Compilation events (10 events):
Event: 7.832 Thread 0x0000027d3f57f800 5567       2       java.util.DualPivotQuicksort::sort (1195 bytes)
Event: 7.835 Thread 0x0000027d3f57f800 nmethod 5567 0x0000027d24b3e990 code [0x0000027d24b3eca0, 0x0000027d24b404c8]
Event: 7.836 Thread 0x0000027d3f57f800 5568   !   2       org.springframework.aop.framework.autoproxy.BeanFactoryAdvisorRetrievalHelper::findAdvisorBeans (278 bytes)
Event: 7.838 Thread 0x0000027d3f57f800 nmethod 5568 0x0000027d24b41790 code [0x0000027d24b41b60, 0x0000027d24b42c28]
Event: 7.838 Thread 0x0000027d3f57f800 5569   !   2       org.springframework.aop.aspectj.annotation.BeanFactoryAspectJAdvisorsBuilder::buildAspectJAdvisors (494 bytes)
Event: 7.840 Thread 0x0000027d3f57f800 nmethod 5569 0x0000027d24b43710 code [0x0000027d24b43b60, 0x0000027d24b45348]
Event: 7.840 Thread 0x0000027d3f57f800 5570       2       org.springframework.cglib.core.CollectionUtils::filter (42 bytes)
Event: 7.840 Thread 0x0000027d3f57f800 nmethod 5570 0x0000027d24b46490 code [0x0000027d24b46680, 0x0000027d24b46928]
Event: 7.840 Thread 0x0000027d3f57f800 5571       1       org.springframework.aop.framework.AdvisedSupport$MethodCacheKey::hashCode (5 bytes)
Event: 7.840 Thread 0x0000027d3f57f800 nmethod 5571 0x0000027d2b6d1090 code [0x0000027d2b6d1220, 0x0000027d2b6d12d8]

GC Heap History (10 events):
Event: 2.551 GC heap before
{Heap before GC invocations=2 (full 0):
 garbage-first heap   total 258048K, used 49222K [0x0000000704600000, 0x0000000800000000)
  region size 1024K, 40 young (40960K), 1 survivors (1024K)
 Metaspace       used 20704K, capacity 21149K, committed 21296K, reserved 1069056K
  class space    used 2183K, capacity 2380K, committed 2432K, reserved 1048576K
}
Event: 2.556 GC heap after
{Heap after GC invocations=3 (full 0):
 garbage-first heap   total 258048K, used 12570K [0x0000000704600000, 0x0000000800000000)
  region size 1024K, 4 young (4096K), 4 survivors (4096K)
 Metaspace       used 20704K, capacity 21149K, committed 21296K, reserved 1069056K
  class space    used 2183K, capacity 2380K, committed 2432K, reserved 1048576K
}
Event: 3.323 GC heap before
{Heap before GC invocations=4 (full 0):
 garbage-first heap   total 258048K, used 74010K [0x0000000704600000, 0x0000000800000000)
  region size 1024K, 65 young (66560K), 4 survivors (4096K)
 Metaspace       used 29682K, capacity 30264K, committed 30384K, reserved 1077248K
  class space    used 3310K, capacity 3567K, committed 3584K, reserved 1048576K
}
Event: 3.328 GC heap after
{Heap after GC invocations=5 (full 0):
 garbage-first heap   total 258048K, used 14241K [0x0000000704600000, 0x0000000800000000)
  region size 1024K, 5 young (5120K), 5 survivors (5120K)
 Metaspace       used 29682K, capacity 30264K, committed 30384K, reserved 1077248K
  class space    used 3310K, capacity 3567K, committed 3584K, reserved 1048576K
}
Event: 3.860 GC heap before
{Heap before GC invocations=5 (full 0):
 garbage-first heap   total 258048K, used 119713K [0x0000000704600000, 0x0000000800000000)
  region size 1024K, 110 young (112640K), 5 survivors (5120K)
 Metaspace       used 35150K, capacity 35816K, committed 35920K, reserved 1081344K
  class space    used 4063K, capacity 4342K, committed 4352K, reserved 1048576K
}
Event: 3.868 GC heap after
{Heap after GC invocations=6 (full 0):
 garbage-first heap   total 258048K, used 16937K [0x0000000704600000, 0x0000000800000000)
  region size 1024K, 8 young (8192K), 8 survivors (8192K)
 Metaspace       used 35150K, capacity 35816K, committed 35920K, reserved 1081344K
  class space    used 4063K, capacity 4342K, committed 4352K, reserved 1048576K
}
Event: 4.967 GC heap before
{Heap before GC invocations=7 (full 0):
 garbage-first heap   total 258048K, used 152105K [0x0000000704600000, 0x0000000800000000)
  region size 1024K, 141 young (144384K), 8 survivors (8192K)
 Metaspace       used 42390K, capacity 43230K, committed 43548K, reserved 1087488K
  class space    used 4863K, capacity 5190K, committed 5324K, reserved 1048576K
}
Event: 4.978 GC heap after
{Heap after GC invocations=8 (full 0):
 garbage-first heap   total 258048K, used 20405K [0x0000000704600000, 0x0000000800000000)
  region size 1024K, 11 young (11264K), 11 survivors (11264K)
 Metaspace       used 42390K, capacity 43230K, committed 43548K, reserved 1087488K
  class space    used 4863K, capacity 5190K, committed 5324K, reserved 1048576K
}
Event: 6.741 GC heap before
{Heap before GC invocations=8 (full 0):
 garbage-first heap   total 258048K, used 162741K [0x0000000704600000, 0x0000000800000000)
  region size 1024K, 151 young (154624K), 11 survivors (11264K)
 Metaspace       used 51267K, capacity 52386K, committed 52636K, reserved 1095680K
  class space    used 5976K, capacity 6424K, committed 6476K, reserved 1048576K
}
Event: 6.755 GC heap after
{Heap after GC invocations=9 (full 0):
 garbage-first heap   total 258048K, used 24776K [0x0000000704600000, 0x0000000800000000)
  region size 1024K, 15 young (15360K), 15 survivors (15360K)
 Metaspace       used 51267K, capacity 52386K, committed 52636K, reserved 1095680K
  class space    used 5976K, capacity 6424K, committed 6476K, reserved 1048576K
}

Deoptimization events (10 events):
Event: 7.672 Thread 0x0000027d459a2000 Uncommon trap: reason=speculate_null_assert action=make_not_entrant pc=0x0000027d2b51da90 method=java.lang.invoke.MethodType$ConcurrentWeakInternSet.add(Ljava/lang/Object;)Ljava/lang/Object; @ 47 c2
Event: 7.701 Thread 0x0000027d12fe0800 Uncommon trap: reason=class_check action=maybe_recompile pc=0x0000027d2b4bf750 method=org.springframework.util.ConcurrentReferenceHashMap$Segment.findInChain(Lorg/springframework/util/ConcurrentReferenceHashMap$Reference;Ljava/lang/Object;I)Lorg/springfra
Event: 7.701 Thread 0x0000027d12fe0800 Uncommon trap: reason=class_check action=maybe_recompile pc=0x0000027d2b4bf750 method=org.springframework.util.ConcurrentReferenceHashMap$Segment.findInChain(Lorg/springframework/util/ConcurrentReferenceHashMap$Reference;Ljava/lang/Object;I)Lorg/springfra
Event: 7.715 Thread 0x0000027d12fe0800 Uncommon trap: reason=unstable_if action=reinterpret pc=0x0000027d2b39e518 method=org.springframework.util.ConcurrentReferenceHashMap$Segment.clear()V @ 7 c2
Event: 7.774 Thread 0x0000027d12fe0800 Uncommon trap: reason=unstable_if action=reinterpret pc=0x0000027d2b5be9e8 method=org.springframework.asm.Frame.merge(Lorg/springframework/asm/SymbolTable;I[II)Z @ 22 c2
Event: 7.784 Thread 0x0000027d459a1800 Uncommon trap: reason=class_check action=maybe_recompile pc=0x0000027d2b5db028 method=java.nio.ByteBuffer.position(I)Ljava/nio/Buffer; @ 2 c2
Event: 7.784 Thread 0x0000027d459a2000 Uncommon trap: reason=class_check action=maybe_recompile pc=0x0000027d2b5db028 method=java.nio.ByteBuffer.position(I)Ljava/nio/Buffer; @ 2 c2
Event: 7.785 Thread 0x0000027d459a2000 Uncommon trap: reason=class_check action=maybe_recompile pc=0x0000027d2b5db028 method=java.nio.ByteBuffer.position(I)Ljava/nio/Buffer; @ 2 c2
Event: 7.786 Thread 0x0000027d459a1800 Uncommon trap: reason=class_check action=maybe_recompile pc=0x0000027d2b5db028 method=java.nio.ByteBuffer.position(I)Ljava/nio/Buffer; @ 2 c2
Event: 7.787 Thread 0x0000027d459a2000 Uncommon trap: reason=class_check action=maybe_recompile pc=0x0000027d2b687c80 method=java.util.concurrent.ConcurrentHashMap.get(Ljava/lang/Object;)Ljava/lang/Object; @ 93 c2

Classes redefined (0 events):
No events

Internal exceptions (10 events):
Event: 7.539 Thread 0x0000027d12fe0800 Implicit null exception at 0x0000027d2b3384f7 to 0x0000027d2b338b28
Event: 7.540 Thread 0x0000027d12fe0800 Implicit null exception at 0x0000027d2b343a77 to 0x0000027d2b3440e4
Event: 7.557 Thread 0x0000027d459a1800 Exception <a 'java/lang/reflect/InvocationTargetException'{0x000000071049d778}> (0x000000071049d778) thrown at [./open/src/hotspot/share/runtime/reflection.cpp, line 1242]
Event: 7.557 Thread 0x0000027d459a2000 Exception <a 'java/lang/reflect/InvocationTargetException'{0x00000007106cae10}> (0x00000007106cae10) thrown at [./open/src/hotspot/share/runtime/reflection.cpp, line 1242]
Event: 7.633 Thread 0x0000027d12fe0800 Exception <a 'java/lang/IncompatibleClassChangeError'{0x000000070fbe4970}: Found class java.lang.Object, but interface was expected> (0x000000070fbe4970) thrown at [./open/src/hotspot/share/interpreter/linkResolver.cpp, line 838]
Event: 7.641 Thread 0x0000027d12fe0800 Exception <a 'java/lang/NoSuchMethodError'{0x000000070fa3ece8}: java.lang.invoke.DirectMethodHandle$Holder.invokeSpecial(Ljava/lang/Object;Ljava/lang/Object;Ljava/lang/Object;IILjava/lang/Object;)Ljava/lang/Object;> (0x000000070fa3ece8) thrown at [./open/
Event: 7.642 Thread 0x0000027d12fe0800 Exception <a 'java/lang/NoSuchMethodError'{0x000000070fa47170}: java.lang.invoke.DirectMethodHandle$Holder.invokeStatic(Ljava/lang/Object;Ljava/lang/Object;Ljava/lang/Object;II)Ljava/lang/Object;> (0x000000070fa47170) thrown at [./open/src/hotspot/share/i
Event: 7.642 Thread 0x0000027d12fe0800 Exception <a 'java/lang/NoSuchMethodError'{0x000000070fa4aca0}: java.lang.invoke.DirectMethodHandle$Holder.invokeSpecial(Ljava/lang/Object;Ljava/lang/Object;Ljava/lang/Object;Ljava/lang/Object;II)Ljava/lang/Object;> (0x000000070fa4aca0) thrown at [./open/
Event: 7.642 Thread 0x0000027d12fe0800 Exception <a 'java/lang/NoSuchMethodError'{0x000000070fa4e048}: java.lang.invoke.Invokers$Holder.linkToTargetMethod(Ljava/lang/Object;Ljava/lang/Object;IILjava/lang/Object;)Ljava/lang/Object;> (0x000000070fa4e048) thrown at [./open/src/hotspot/share/inter
Event: 7.717 Thread 0x0000027d12fe0800 Exception <a 'java/lang/NoSuchMethodError'{0x000000070f1078c0}: java.lang.invoke.DirectMethodHandle$Holder.newInvokeSpecial(Ljava/lang/Object;J)Ljava/lang/Object;> (0x000000070f1078c0) thrown at [./open/src/hotspot/share/interpreter/linkResolver.cpp, line

Events (10 events):
Event: 7.834 Thread 0x0000027d12fe0800 DEOPT UNPACKING pc=0x0000027d2387bb5e sp=0x0000008f7acfcf18 mode 1
Event: 7.836 loading class com/adobe/core/raven/dto/model/SocialRepository
Event: 7.836 loading class com/adobe/core/raven/dto/model/SocialRepository done
Event: 7.840 Thread 0x0000027d12fe0800 DEOPT PACKING pc=0x0000027d2487706c sp=0x0000008f7acfd710
Event: 7.840 Thread 0x0000027d12fe0800 DEOPT UNPACKING pc=0x0000027d2387bb5e sp=0x0000008f7acfcdb0 mode 1
Event: 7.840 Thread 0x0000027d12fe0800 DEOPT PACKING pc=0x0000027d2482e7ec sp=0x0000008f7acfda50
Event: 7.840 Thread 0x0000027d12fe0800 DEOPT UNPACKING pc=0x0000027d2387bb5e sp=0x0000008f7acfcf18 mode 1
Event: 7.843 Executing VM operation: ChangeBreakpoints
Event: 7.844 Executing VM operation: ChangeBreakpoints done
Event: 7.845 Executing VM operation: ChangeBreakpoints


Dynamic libraries:
0x00007ff607ab0000 - 0x00007ff607abf000 	C:\Program Files\Java\jdk-11.0.11\bin\java.exe
0x00007ff9c5e70000 - 0x00007ff9c6067000 	C:\WINDOWS\SYSTEM32\ntdll.dll
0x00007ff9c4c00000 - 0x00007ff9c4cbd000 	C:\WINDOWS\System32\KERNEL32.DLL
0x00007ff9c3a70000 - 0x00007ff9c3d66000 	C:\WINDOWS\System32\KERNELBASE.dll
0x00007ff9c37c0000 - 0x00007ff9c38c0000 	C:\WINDOWS\System32\ucrtbase.dll
0x00007ff9b1900000 - 0x00007ff9b1918000 	C:\Program Files\Java\jdk-11.0.11\bin\jli.dll
0x00007ff9c4290000 - 0x00007ff9c433e000 	C:\WINDOWS\System32\ADVAPI32.dll
0x00007ff9c3f70000 - 0x00007ff9c400e000 	C:\WINDOWS\System32\msvcrt.dll
0x00007ff9c4530000 - 0x00007ff9c45cc000 	C:\WINDOWS\System32\sechost.dll
0x00007ff9c4090000 - 0x00007ff9c41b6000 	C:\WINDOWS\System32\RPCRT4.dll
0x00007ff9c50b0000 - 0x00007ff9c524e000 	C:\WINDOWS\System32\USER32.dll
0x00007ff9c3550000 - 0x00007ff9c3572000 	C:\WINDOWS\System32\win32u.dll
0x00007ff9c4d20000 - 0x00007ff9c4d4c000 	C:\WINDOWS\System32\GDI32.dll
0x00007ff9c3580000 - 0x00007ff9c369a000 	C:\WINDOWS\System32\gdi32full.dll
0x00007ff9c38c0000 - 0x00007ff9c395d000 	C:\WINDOWS\System32\msvcp_win.dll
0x00007ff9a6700000 - 0x00007ff9a699a000 	C:\WINDOWS\WinSxS\amd64_microsoft.windows.common-controls_6595b64144ccf1df_6.0.19041.3570_none_60bb2a3971f3e41a\COMCTL32.dll
0x00007ff9b1e10000 - 0x00007ff9b1e1a000 	C:\WINDOWS\SYSTEM32\VERSION.dll
0x00007ff9b1b40000 - 0x00007ff9b1b55000 	C:\Program Files\Java\jdk-11.0.11\bin\VCRUNTIME140.dll
0x00007ff9c4760000 - 0x00007ff9c4790000 	C:\WINDOWS\System32\IMM32.DLL
0x0000027d12750000 - 0x0000027d12764000 	C:\WINDOWS\System32\umppc17312.dll
0x00007ff99f430000 - 0x00007ff99f4cb000 	C:\Program Files\Java\jdk-11.0.11\bin\msvcp140.dll
0x00007ff969e80000 - 0x00007ff96a97e000 	C:\Program Files\Java\jdk-11.0.11\bin\server\jvm.dll
0x00007ff9c3ed0000 - 0x00007ff9c3ed8000 	C:\WINDOWS\System32\PSAPI.DLL
0x00007ff98f760000 - 0x00007ff98f769000 	C:\WINDOWS\SYSTEM32\WSOCK32.dll
0x00007ff9c46f0000 - 0x00007ff9c475b000 	C:\WINDOWS\System32\WS2_32.dll
0x00007ff9a7f80000 - 0x00007ff9a7fa7000 	C:\WINDOWS\SYSTEM32\WINMM.dll
0x00007ff9c1d40000 - 0x00007ff9c1d52000 	C:\WINDOWS\SYSTEM32\kernel.appcore.dll
0x00007ff9bfbf0000 - 0x00007ff9bfc00000 	C:\Program Files\Java\jdk-11.0.11\bin\verify.dll
0x00007ff9c1320000 - 0x00007ff9c1504000 	C:\WINDOWS\SYSTEM32\DBGHELP.DLL
0x00007ff9b2250000 - 0x00007ff9b2284000 	C:\WINDOWS\SYSTEM32\dbgcore.DLL
0x00007ff9c39e0000 - 0x00007ff9c3a62000 	C:\WINDOWS\System32\bcryptPrimitives.dll
0x00007ff9b1840000 - 0x00007ff9b1868000 	C:\Program Files\Java\jdk-11.0.11\bin\java.dll
0x00007ff9bb710000 - 0x00007ff9bb71a000 	C:\Program Files\Java\jdk-11.0.11\bin\jimage.dll
0x00007ff9aa500000 - 0x00007ff9aa538000 	C:\Program Files\Java\jdk-11.0.11\bin\jdwp.dll
0x00007ff9b61d0000 - 0x00007ff9b61de000 	C:\Program Files\Java\jdk-11.0.11\bin\instrument.dll
0x00007ff9b18e0000 - 0x00007ff9b18f6000 	C:\Program Files\Java\jdk-11.0.11\bin\zip.dll
0x00007ff9c56e0000 - 0x00007ff9c5e24000 	C:\WINDOWS\System32\SHELL32.dll
0x00007ff9c1530000 - 0x00007ff9c1ccb000 	C:\WINDOWS\SYSTEM32\windows.storage.dll
0x00007ff9c5380000 - 0x00007ff9c56d4000 	C:\WINDOWS\System32\combase.dll
0x00007ff9c2de0000 - 0x00007ff9c2e0d000 	C:\WINDOWS\SYSTEM32\Wldp.dll
0x00007ff9c43f0000 - 0x00007ff9c449d000 	C:\WINDOWS\System32\SHCORE.dll
0x00007ff9c44b0000 - 0x00007ff9c4505000 	C:\WINDOWS\System32\shlwapi.dll
0x00007ff9c3480000 - 0x00007ff9c34a5000 	C:\WINDOWS\SYSTEM32\profapi.dll
0x00007ff9b61a0000 - 0x00007ff9b61aa000 	C:\Program Files\Java\jdk-11.0.11\bin\dt_socket.dll
0x00007ff9c2bc0000 - 0x00007ff9c2c2a000 	C:\WINDOWS\system32\mswsock.dll
0x00007ff9b1710000 - 0x00007ff9b1729000 	C:\Program Files\java\jdk-11.0.11\bin\net.dll
0x00007ff9bdd60000 - 0x00007ff9bde6a000 	C:\WINDOWS\SYSTEM32\WINHTTP.dll
0x00007ff9b16f0000 - 0x00007ff9b1702000 	C:\Program Files\java\jdk-11.0.11\bin\nio.dll
0x00007ff9b2350000 - 0x00007ff9b2359000 	C:\Program Files\java\jdk-11.0.11\bin\management.dll
0x00007ff9b1e30000 - 0x00007ff9b1e3b000 	C:\Program Files\java\jdk-11.0.11\bin\management_ext.dll
0x00007ff990c60000 - 0x00007ff990c77000 	C:\WINDOWS\system32\napinsp.dll
0x00007ff990c40000 - 0x00007ff990c5b000 	C:\WINDOWS\system32\pnrpnsp.dll
0x00007ff990c20000 - 0x00007ff990c35000 	C:\WINDOWS\system32\wshbth.dll
0x00007ff9bdd40000 - 0x00007ff9bdd5d000 	C:\WINDOWS\system32\NLAapi.dll
0x00007ff9c28d0000 - 0x00007ff9c290b000 	C:\WINDOWS\SYSTEM32\IPHLPAPI.DLL
0x00007ff9c2910000 - 0x00007ff9c29da000 	C:\WINDOWS\SYSTEM32\DNSAPI.dll
0x00007ff9c44a0000 - 0x00007ff9c44a8000 	C:\WINDOWS\System32\NSI.dll
0x00007ff990c00000 - 0x00007ff990c12000 	C:\WINDOWS\System32\winrnr.dll
0x00007ff9bb540000 - 0x00007ff9bb54a000 	C:\Windows\System32\rasadhlp.dll
0x00007ff9b5ff0000 - 0x00007ff9b6072000 	C:\WINDOWS\System32\fwpuclnt.dll
0x00007ff9c3960000 - 0x00007ff9c3987000 	C:\WINDOWS\System32\bcrypt.dll
0x00007ff9c2e20000 - 0x00007ff9c2e38000 	C:\WINDOWS\SYSTEM32\CRYPTSP.dll
0x00007ff9c24f0000 - 0x00007ff9c2524000 	C:\WINDOWS\system32\rsaenh.dll
0x00007ff9c3400000 - 0x00007ff9c342e000 	C:\WINDOWS\SYSTEM32\USERENV.dll
0x00007ff9c2d50000 - 0x00007ff9c2d5c000 	C:\WINDOWS\SYSTEM32\CRYPTBASE.dll
0x00007ff9bb550000 - 0x00007ff9bb567000 	C:\WINDOWS\SYSTEM32\dhcpcsvc6.DLL
0x00007ff9bbad0000 - 0x00007ff9bbaed000 	C:\WINDOWS\SYSTEM32\dhcpcsvc.DLL

dbghelp: loaded successfully - version: 4.0.5 - missing functions: none
symbol engine: initialized successfully - sym options: 0x614 - pdb path: .;C:\Program Files\Java\jdk-11.0.11\bin;C:\WINDOWS\SYSTEM32;C:\WINDOWS\WinSxS\amd64_microsoft.windows.common-controls_6595b64144ccf1df_6.0.19041.3570_none_60bb2a3971f3e41a;C:\Program Files\Java\jdk-11.0.11\bin\server

VM Arguments:
jvm_args: -agentlib:jdwp=transport=dt_socket,address=127.0.0.1:53897,suspend=y,server=n -javaagent:C:\Users\Siddharth\AppData\Local\JetBrains\IdeaIC2022.2\captureAgent\debugger-agent.jar -Dfile.encoding=UTF-8 
java_command: com.adobe.core.raven.Application
java_class_path (initial): C:\Users\Siddharth\IdeaProjects\raven-services\target\classes;C:\Users\Siddharth\.m2\repository\com\adobe\asr\asr-starter-springmvc\8.110.0\asr-starter-springmvc-8.110.0.jar;C:\Users\Siddharth\.m2\repository\com\adobe\asr\asr-core\8.110.0\asr-core-8.110.0.jar;C:\Users\Siddharth\.m2\repository\com\adobe\asr\asr-core-common\8.110.0\asr-core-common-8.110.0.jar;C:\Users\Siddharth\.m2\repository\org\hibernate\validator\hibernate-validator\6.2.0.Final\hibernate-validator-6.2.0.Final.jar;C:\Users\Siddharth\.m2\repository\jakarta\validation\jakarta.validation-api\2.0.2\jakarta.validation-api-2.0.2.jar;C:\Users\Siddharth\.m2\repository\org\springframework\boot\spring-boot-starter-json\2.5.6\spring-boot-starter-json-2.5.6.jar;C:\Users\Siddharth\.m2\repository\com\fasterxml\jackson\datatype\jackson-datatype-jdk8\2.12.5\jackson-datatype-jdk8-2.12.5.jar;C:\Users\Siddharth\.m2\repository\com\fasterxml\jackson\datatype\jackson-datatype-jsr310\2.12.5\jackson-datatype-jsr310-2.12.5.jar;C:\Users\Siddharth\.m2\repository\com\fasterxml\jackson\module\jackson-module-parameter-names\2.12.5\jackson-module-parameter-names-2.12.5.jar;C:\Users\Siddharth\.m2\repository\org\springframework\boot\spring-boot-starter-tomcat\2.5.6\spring-boot-starter-tomcat-2.5.6.jar;C:\Users\Siddharth\.m2\repository\org\apache\tomcat\embed\tomcat-embed-core\9.0.54\tomcat-embed-core-9.0.54.jar;C:\Users\Siddharth\.m2\repository\org\apache\tomcat\embed\tomcat-embed-el\9.0.54\tomcat-embed-el-9.0.54.jar;C:\Users\Siddharth\.m2\repository\org\apache\tomcat\embed\tomcat-embed-websocket\9.0.54\tomcat-embed-websocket-9.0.54.jar;C:\Users\Siddharth\.m2\repository\org\springframework\spring-web\5.3.12\spring-web-5.3.12.jar;C:\Users\Siddharth\.m2\repository\net\logstash\logback\logstash-logback-encoder\6.6\logstash-logback-encoder-6.6.jar;C:\Users\Siddharth\.m2\repository\org\codehaus\janino\janino\3.1.6\janino-3.1.6.jar;C:\Users\Siddharth\.m2\repository\org\codehaus\janino\commons-compiler\3.1.6\c
Launcher Type: SUN_STANDARD

[Global flags]
     intx CICompilerCount                          = 4                                         {product} {ergonomic}
     uint ConcGCThreads                            = 2                                         {product} {ergonomic}
     uint G1ConcRefinementThreads                  = 8                                         {product} {ergonomic}
   size_t G1HeapRegionSize                         = 1048576                                   {product} {ergonomic}
    uintx GCDrainStackTargetSize                   = 64                                        {product} {ergonomic}
   size_t InitialHeapSize                          = 264241152                                 {product} {ergonomic}
   size_t MarkStackSize                            = 4194304                                   {product} {ergonomic}
   size_t MaxHeapSize                              = 4221566976                                {product} {ergonomic}
   size_t MaxNewSize                               = 2532311040                                {product} {ergonomic}
   size_t MinHeapDeltaBytes                        = 1048576                                   {product} {ergonomic}
    uintx NonNMethodCodeHeapSize                   = 5836300                                {pd product} {ergonomic}
    uintx NonProfiledCodeHeapSize                  = 122910970                              {pd product} {ergonomic}
    uintx ProfiledCodeHeapSize                     = 122910970                              {pd product} {ergonomic}
    uintx ReservedCodeCacheSize                    = 251658240                              {pd product} {ergonomic}
     bool SegmentedCodeCache                       = true                                      {product} {ergonomic}
     bool UseCompressedClassPointers               = true                                 {lp64_product} {ergonomic}
     bool UseCompressedOops                        = true                                 {lp64_product} {ergonomic}
     bool UseG1GC                                  = true                                      {product} {ergonomic}
     bool UseLargePagesIndividualAllocation        = false                                  {pd product} {ergonomic}

Logging:
Log output configuration:
 #0: stdout all=warning uptime,level,tags
 #1: stderr all=off uptime,level,tags

Environment Variables:
JAVA_HOME=C:\Program Files\java\jdk-11
PATH=C:\Program Files\Common Files\Oracle\Java\javapath;C:\WINDOWS\system32;C:\WINDOWS;C:\WINDOWS\System32\Wbem;C:\WINDOWS\System32\WindowsPowerShell\v1.0\;C:\WINDOWS\System32\OpenSSH\;C:\Program Files\Git\cmd;C:\Program Files\java\jdk-11\bin;C:\Program Files\TortoiseGit\bin;;C:\Program Files\Docker\Docker\resources\bin;C:\minikube;C:\Users\Siddharth\AppData\Local\Programs\Python\Python310;C:\Users\Siddharth\AppData\Local\Programs\Microsoft VS Code\bin;C:\Users\Siddharth\Downloads\apache-maven-3.9.1\bin;C:\kubectl;
USERNAME=Siddharth
OS=Windows_NT
PROCESSOR_IDENTIFIER=Intel64 Family 6 Model 142 Stepping 12, GenuineIntel



---------------  S Y S T E M  ---------------

OS: Windows 10 , 64 bit Build 19041 (10.0.19041.3570)
Hyper-V role detected

CPU:total 8 (initial active 8) (4 cores per cpu, 2 threads per core) family 6 model 142 stepping 12 microcode 0xea, cmov, cx8, fxsr, mmx, sse, sse2, sse3, ssse3, sse4.1, sse4.2, popcnt, avx, avx2, aes, clmul, erms, 3dnowpref, lzcnt, ht, tsc, tscinvbit, bmi1, bmi2, adx, fma

Memory: 4k page, system-wide physical 16103M (974M free)
TotalPageFile size 36846M (AvailPageFile size 4308M)
current process WorkingSet (physical memory assigned to process): 445M, peak: 445M
current process commit charge ("private bytes"): 563M, peak: 563M

vm_info: Java HotSpot(TM) 64-Bit Server VM (11.0.11+9-LTS-194) for windows-amd64 JRE (11.0.11+9-LTS-194), built on Mar 18 2021 18:46:53 by "mach5one" with MS VC++ 15.9 (VS2017)

END.
